<?xml version="1.0" encoding="UTF-8"?><testsuite failures="0" name="cucumber.runtime.formatter.JUnitFormatter" skipped="0" tests="1" time="282.83149">
<testcase classname="glipEmailSignIn feature" name="Unified Login with email" time="282.83149">
<system-out><![CDATA[Given App isn't logged in...................................................passed
Given User has valid Email..................................................passed
When <WelcomePage>User tap "Sign In to Glip" button.........................passed
When User inputs Email "zoraandtest8@gmail.com".............................passed
Then User can sign in app...................................................passed
]]></system-out>
</testcase>
</testsuite>
